<?xml version="1.0" encoding="UTF-8"?>
<testsuite name="Command line test" failures="1" tests="2" time="0.203" errors="0">
  <properties/>
  <testcase name="testClient" time="0.0" classname="org.elasterix.sip.client.SipClientTest"/>
  <testcase name="testInviteMessage" time="0.031" classname="org.elasterix.sip.codec.SipRequestDecoderTest">
    <failure type="java.lang.Exception">
      <![CDATA[java.lang.Exception: 
	at org.elasterix.sip.codec.SipRequestDecoderTest.testInviteMessage(SipRequestDecoderTest.java:36)
	at org.apache.maven.surefire.testng.TestNGExecutor.run(TestNGExecutor.java:76)
	at org.apache.maven.surefire.testng.TestNGDirectoryTestSuite.executeMulti(TestNGDirectoryTestSuite.java:161)
	at org.apache.maven.surefire.testng.TestNGDirectoryTestSuite.execute(TestNGDirectoryTestSuite.java:101)
	at org.apache.maven.surefire.testng.TestNGProvider.invoke(TestNGProvider.java:115)
	at org.apache.maven.surefire.util.ReflectionUtils.invokeMethodWithArray(ReflectionUtils.java:189)
	at org.apache.maven.surefire.booter.ProviderFactory$ProviderProxy.invoke(ProviderFactory.java:165)
	at org.apache.maven.surefire.booter.ProviderFactory.invokeProvider(ProviderFactory.java:85)
	at org.apache.maven.surefire.booter.ForkedBooter.runSuitesInProcess(ForkedBooter.java:103)
	at org.apache.maven.surefire.booter.ForkedBooter.main(ForkedBooter.java:74)
... Removed 24 stack frames]]>
    </failure>
  </testcase>
</testsuite>
